<?xml version="1.0" encoding="UTF-8"?>
<!-- Generated by org.testng.reporters.JUnitReportReporter -->
<testsuite skipped="0" hostname="MacBook-Air" name="DDTesting.Login_Test_SM01" tests="4" failures="0" timestamp="2020-07-16T20:59:57 EDT" time="52.558" errors="0">
  <testcase name="Test_Scenario_SM1" time="14.339" classname="DDTesting.Login_Test_SM01"/>
  <system-out/>
  <testcase name="Test_Scenario_SM1" time="10.234" classname="DDTesting.Login_Test_SM01"/>
  <system-out/>
  <testcase name="Test_Scenario_SM1" time="18.132" classname="DDTesting.Login_Test_SM01"/>
  <system-out/>
  <testcase name="Test_Scenario_SM1" time="9.853" classname="DDTesting.Login_Test_SM01"/>
  <system-out/>
</testsuite> <!-- DDTesting.Login_Test_SM01 -->
